<?xml version="1.0" encoding="UTF-8"?>
<!-- Generated by org.testng.reporters.JUnitXMLReporter -->
<testsuite ignored="0" hostname="Rania-LAP" failures="0" tests="1" name="Default test" time="0.035" errors="0" timestamp="2021-02-05T22:14:05 EET">
  <testcase classname="tests.TestBase" name="@BeforeSuite StartDriver" time="14.354">
    <failure type="org.openqa.selenium.SessionNotCreatedException" message="session not created
from chrome not reachable
  (Session info: chrome=88.0.4324.104)
Build info: version: &amp;apos;3.141.59&amp;apos;, revision: &amp;apos;e82be7d358&amp;apos;, time: &amp;apos;2018-11-14T08:17:03&amp;apos;
System info: host: &amp;apos;RANIA-LAP&amp;apos;, ip: &amp;apos;10.81.234.9&amp;apos;, os.name: &amp;apos;Windows 10&amp;apos;, os.arch: &amp;apos;amd64&amp;apos;, os.version: &amp;apos;10.0&amp;apos;, java.version: &amp;apos;11.0.8&amp;apos;
Driver info: driver.version: ChromeDriver
remote stacktrace: Backtrace:
	Ordinal0 [0x00FAECE3+3337443]
	Ordinal0 [0x00E8F041+2158657]
	Ordinal0 [0x00D16E50+618064]
	Ordinal0 [0x00D0D114+577812]
	Ordinal0 [0x00D0D7DB+579547]
	Ordinal0 [0x00D0EA45+584261]
	Ordinal0 [0x00D09A71+563825]
	Ordinal0 [0x00D17FD0+622544]
	Ordinal0 [0x00CB6B2D+224045]
	Ordinal0 [0x00CB5BFC+220156]
	Ordinal0 [0x00CB181B+202779]
	Ordinal0 [0x00C93D74+81268]
	Ordinal0 [0x00C94D6E+85358]
	Ordinal0 [0x00C94CF9+85241]
	Ordinal0 [0x00EA6F2C+2256684]
	GetHandleVerifier [0x01132FAC+1478332]
	GetHandleVerifier [0x01132AFD+1477133]
	GetHandleVerifier [0x0113AAD8+1509864]
	GetHandleVerifier [0x0113369E+1480110]
	Ordinal0 [0x00E9D6BD+2217661]
	Ordinal0 [0x00EA89AB+2263467]
	Ordinal0 [0x00EA8AEF+2263791]
	Ordinal0 [0x00EBD363+2347875]
	BaseThreadInitThunk [0x7672FA29+25]
	RtlGetAppContainerNamedObjectPath [0x779375F4+228]
	RtlGetAppContainerNamedObjectPath [0x779375C4+180]
">
      <![CDATA[org.openqa.selenium.SessionNotCreatedException: session not created
from chrome not reachable
  (Session info: chrome=88.0.4324.104)
Build info: version: '3.141.59', revision: 'e82be7d358', time: '2018-11-14T08:17:03'
System info: host: 'RANIA-LAP', ip: '10.81.234.9', os.name: 'Windows 10', os.arch: 'amd64', os.version: '10.0', java.version: '11.0.8'
Driver info: driver.version: ChromeDriver
remote stacktrace: Backtrace:
Ordinal0 [0x00FAECE3+3337443]
Ordinal0 [0x00E8F041+2158657]
Ordinal0 [0x00D16E50+618064]
Ordinal0 [0x00D0D114+577812]
Ordinal0 [0x00D0D7DB+579547]
Ordinal0 [0x00D0EA45+584261]
Ordinal0 [0x00D09A71+563825]
Ordinal0 [0x00D17FD0+622544]
Ordinal0 [0x00CB6B2D+224045]
Ordinal0 [0x00CB5BFC+220156]
Ordinal0 [0x00CB181B+202779]
Ordinal0 [0x00C93D74+81268]
Ordinal0 [0x00C94D6E+85358]
Ordinal0 [0x00C94CF9+85241]
Ordinal0 [0x00EA6F2C+2256684]
GetHandleVerifier [0x01132FAC+1478332]
GetHandleVerifier [0x01132AFD+1477133]
GetHandleVerifier [0x0113AAD8+1509864]
GetHandleVerifier [0x0113369E+1480110]
Ordinal0 [0x00E9D6BD+2217661]
Ordinal0 [0x00EA89AB+2263467]
Ordinal0 [0x00EA8AEF+2263791]
Ordinal0 [0x00EBD363+2347875]
BaseThreadInitThunk [0x7672FA29+25]
RtlGetAppContainerNamedObjectPath [0x779375F4+228]
RtlGetAppContainerNamedObjectPath [0x779375C4+180]

at java.base/jdk.internal.reflect.NativeConstructorAccessorImpl.newInstance0(Native Method)
at java.base/jdk.internal.reflect.NativeConstructorAccessorImpl.newInstance(NativeConstructorAccessorImpl.java:62)
at java.base/jdk.internal.reflect.DelegatingConstructorAccessorImpl.newInstance(DelegatingConstructorAccessorImpl.java:45)
at java.base/java.lang.reflect.Constructor.newInstance(Constructor.java:490)
at org.openqa.selenium.remote.W3CHandshakeResponse.lambda$errorHandler$0(W3CHandshakeResponse.java:62)
at org.openqa.selenium.remote.HandshakeResponse.lambda$getResponseFunction$0(HandshakeResponse.java:30)
at org.openqa.selenium.remote.ProtocolHandshake.lambda$createSession$0(ProtocolHandshake.java:126)
at java.base/java.util.stream.ReferencePipeline$3$1.accept(ReferencePipeline.java:195)
at java.base/java.util.Spliterators$ArraySpliterator.tryAdvance(Spliterators.java:958)
at java.base/java.util.stream.ReferencePipeline.forEachWithCancel(ReferencePipeline.java:127)
at java.base/java.util.stream.AbstractPipeline.copyIntoWithCancel(AbstractPipeline.java:502)
at java.base/java.util.stream.AbstractPipeline.copyInto(AbstractPipeline.java:488)
at java.base/java.util.stream.AbstractPipeline.wrapAndCopyInto(AbstractPipeline.java:474)
at java.base/java.util.stream.FindOps$FindOp.evaluateSequential(FindOps.java:150)
at java.base/java.util.stream.AbstractPipeline.evaluate(AbstractPipeline.java:234)
at java.base/java.util.stream.ReferencePipeline.findFirst(ReferencePipeline.java:543)
at org.openqa.selenium.remote.ProtocolHandshake.createSession(ProtocolHandshake.java:128)
at org.openqa.selenium.remote.ProtocolHandshake.createSession(ProtocolHandshake.java:74)
at org.openqa.selenium.remote.HttpCommandExecutor.execute(HttpCommandExecutor.java:136)
at org.openqa.selenium.remote.service.DriverCommandExecutor.execute(DriverCommandExecutor.java:83)
at org.openqa.selenium.remote.RemoteWebDriver.execute(RemoteWebDriver.java:552)
at org.openqa.selenium.remote.RemoteWebDriver.startSession(RemoteWebDriver.java:213)
at org.openqa.selenium.remote.RemoteWebDriver.<init>(RemoteWebDriver.java:131)
at org.openqa.selenium.chrome.ChromeDriver.<init>(ChromeDriver.java:181)
at org.openqa.selenium.chrome.ChromeDriver.<init>(ChromeDriver.java:168)
at org.openqa.selenium.chrome.ChromeDriver.<init>(ChromeDriver.java:123)
at tests.TestBase.StartDriver(TestBase.java:36)
at java.base/jdk.internal.reflect.NativeMethodAccessorImpl.invoke0(Native Method)
at java.base/jdk.internal.reflect.NativeMethodAccessorImpl.invoke(NativeMethodAccessorImpl.java:62)
at java.base/jdk.internal.reflect.DelegatingMethodAccessorImpl.invoke(DelegatingMethodAccessorImpl.java:43)
at java.base/java.lang.reflect.Method.invoke(Method.java:566)
at org.testng.internal.MethodInvocationHelper.invokeMethod(MethodInvocationHelper.java:134)
at org.testng.internal.MethodInvocationHelper.invokeMethodConsideringTimeout(MethodInvocationHelper.java:63)
at org.testng.internal.ConfigInvoker.invokeConfigurationMethod(ConfigInvoker.java:348)
at org.testng.internal.ConfigInvoker.invokeConfigurations(ConfigInvoker.java:302)
at org.testng.SuiteRunner.privateRun(SuiteRunner.java:327)
at org.testng.SuiteRunner.run(SuiteRunner.java:286)
at org.testng.SuiteRunnerWorker.runSuite(SuiteRunnerWorker.java:53)
at org.testng.SuiteRunnerWorker.run(SuiteRunnerWorker.java:96)
at org.testng.TestNG.runSuitesSequentially(TestNG.java:1187)
at org.testng.TestNG.runSuitesLocally(TestNG.java:1109)
at org.testng.TestNG.runSuites(TestNG.java:1039)
at org.testng.TestNG.run(TestNG.java:1007)
at org.testng.remote.AbstractRemoteTestNG.run(AbstractRemoteTestNG.java:115)
at org.testng.remote.RemoteTestNG.initAndRun(RemoteTestNG.java:251)
at org.testng.remote.RemoteTestNG.main(RemoteTestNG.java:77)
]]>
    </failure>
  </testcase> <!-- @BeforeSuite StartDriver -->
  <testcase classname="tests.TestBase" name="@AfterMethod ScreenShot" time="-1.612556045521E9">
    <skipped/>
  </testcase> <!-- @AfterMethod ScreenShot -->
  <testcase classname="tests.WorkSheetTests" name="CountingQuestions" time="0.0">
    <skipped/>
  </testcase> <!-- CountingQuestions -->
</testsuite> <!-- Default test -->
